8 [139824317492288] INFO perfrun.launcher <> - Launcher main begin
8 [139824317492288] INFO perfrun.launcher <> - MessageCatalogInit finished
8 [139824317492288] INFO perfrun.launcher <> - Launcher instance created
8 [139824317492288] INFO perfrun.launcher <> - argc = 6; cmdline = /opt/intel/oneapi/advisor/2023.2.0/bin64/advixe-runss -dump-vdso -r /VM/stud/S5845105/Telegram Desktop/Base/Base/adv_roof/O2/baseICX12288/e000/hs000 --tmp-dir /tmp/advixe-tmp-S5845105 
32 [139824317492288] INFO perfrun.launcher <> - create msngr2::ICliToolContext
32 [139824317492288] INFO perfrun.launcher <> - create file finder object
33 [139824166069952] INFO perfrun.launcher <> - plugin [remoteplug] was disabled because it doesn't support the given collection type.
33 [139824166069952] INFO perfrun.launcher <> - plugin [system] was disabled because it doesn't support the given collection type.
33 [139824166069952] INFO perfrun.vdso <> - dumping [vdso] pseudomodule
36 [139824166069952] INFO perfrun.launcher <> - plugin [itt] was disabled because it doesn't support the given collection type.
36 [139824166069952] INFO perfrun.launcher <> - plugin [] was disabled because it doesn't support the given collection type.
36 [139824166069952] INFO perfrun.launcher <> - plugin [gpu] was disabled because it doesn't support the given collection type.
36 [139824166069952] INFO perfrun.launcher <> - plugin [] was disabled because it doesn't support the given collection type.
36 [139824166069952] INFO perfrun.launcher <> - plugin [] was disabled because it doesn't support the given collection type.
36 [139824166069952] INFO perfrun.launcher <> - plugin [] was disabled because it doesn't support the given collection type.
36 [139824166069952] INFO perfrun.launcher <> - plugin [mrte] was disabled because it doesn't support the given collection type.
36 [139824166069952] INFO perfrun.launcher <> - plugin [] was disabled because it doesn't support the given collection type.
36 [139824166069952] INFO perfrun.launcher <> - plugin [] was disabled because it doesn't support the given collection type.
36 [139824166069952] INFO perfrun.launcher <> - plugin [] was disabled because it doesn't support the given collection type.
36 [139824166069952] INFO perfrun.launcher <> - plugin [] was disabled because it doesn't support the given collection type.
36 [139824166069952] INFO perfrun.launcher <> - plugin [] was disabled because it doesn't support the given collection type.
36 [139824166069952] INFO perfrun.launcher <> - plugin [] was disabled because it doesn't support the given collection type.
36 [139824166069952] INFO perfrun.launcher <> - plugin [] was disabled because it doesn't support the given collection type.
36 [139824166069952] INFO perfrun.launcher <> - plugin [tpss] was disabled because it doesn't support the given collection type.
36 [139824166069952] INFO perfrun.launcher <> - plugin [] was disabled because it doesn't support the given collection type.
36 [139824166069952] INFO perfrun.launcher <> - plugin [] was disabled because it doesn't support the given collection type.
36 [139824166069952] INFO perfrun.launcher <> - plugin [] was disabled because it doesn't support the given collection type.
36 [139824166069952] INFO perfrun.launcher <> - plugin [] was disabled because it doesn't support the given collection type.
36 [139824166069952] INFO perfrun.launcher <> - plugin [] was disabled because it doesn't support the given collection type.
36 [139824166069952] INFO perfrun.launcher <> - plugin [] was disabled because it doesn't support the given collection type.
36 [139824166069952] INFO perfrun.launcher <> - plugin [] was disabled because it doesn't support the given collection type.
36 [139824166069952] INFO perfrun.launcher <> - plugin [] was disabled because it doesn't support the given collection type.
36 [139824166069952] INFO perfrun.launcher <> - plugin [] was disabled because it doesn't support the given collection type.
36 [139824317492288] INFO perfrun.launcher <> - Application exit code: 0
37 [139824317492288] INFO perfrun.launcher <> - Exit code: 0
