<?xml version="1.0" encoding="utf-8"?>
<log version="1.0" tool="runtool">

<msg id="1" tool="runtool">
  <type>log-start</type>
  <arg>2026/03/06 15:04:23</arg>
</msg>
<msg id="2" tool="runtool">
  <type>bandwidth-measurement-starts</type>
</msg>
<msg id="3" tool="runtool">
  <type>bandwidth-measurement-done</type>
</msg>
<msg id="4" tool="runtool">
  <type>collector-starts</type>
</msg>
<msg id="5" tool="runtool">
  <type>marker-file</type>
  <arg>/VM/stud/S5845105/Telegram Desktop/Base/Base/adv_roof/O2/baseICX12288/e000/trc000/trc000.advixe</arg>
</msg>
<msg id="6" tool="trc">
  <type>PROCESS_START</type>
  <arg>/VM/stud/S5845105/Telegram Desktop/Base/Base/base_code</arg>
  <arg>76431</arg>
  <severity>INFO</severity>
  <timestamp>Fri Mar  6 15:04:33 2026</timestamp>
</msg>
<msg id="7" tool="trc">
  <type>PROCESS_ANALYSIS_MODE</type>
  <arg>full</arg>
  <severity>INFO</severity>
  <timestamp>Fri Mar  6 15:04:33 2026</timestamp>
</msg>
<msg id="8" tool="trc">
  <type>LOAD_MODULE</type>
  <arg>/VM/stud/S5845105/Telegram Desktop/Base/Base/base_code</arg>
  <arg>0x400000</arg>
  <arg>0x40bc4f</arg>
  <arg>yes</arg>
  <severity>INFO</severity>
  <timestamp>Fri Mar  6 15:04:33 2026</timestamp>
</msg>
<msg id="9" tool="trc">
  <type>LOAD_MODULE</type>
  <arg>/lib64/ld-linux-x86-64.so.2</arg>
  <arg>0x7f7ba514a000</arg>
  <arg>0x7f7ba517e2d7</arg>
  <arg>no</arg>
  <severity>INFO</severity>
  <timestamp>Fri Mar  6 15:04:33 2026</timestamp>
</msg>
<msg id="10" tool="trc">
  <type>LOAD_MODULE</type>
  <arg>[vdso]</arg>
  <arg>0x7ffe6e3a8000</arg>
  <arg>0x7ffe6e3a8d7b</arg>
  <arg>no</arg>
  <severity>INFO</severity>
  <timestamp>Fri Mar  6 15:04:33 2026</timestamp>
</msg>
<msg id="11" tool="trc">
  <type>LOAD_MODULE</type>
  <arg>/lib/x86_64-linux-gnu/libm.so.6</arg>
  <arg>0x7f7b8fe64000</arg>
  <arg>0x7f7b8ff4310f</arg>
  <arg>no</arg>
  <severity>INFO</severity>
  <timestamp>Fri Mar  6 15:04:34 2026</timestamp>
</msg>
<msg id="12" tool="trc">
  <type>LOAD_MODULE</type>
  <arg>/lib/x86_64-linux-gnu/libc.so.6</arg>
  <arg>0x7f7b8fb60000</arg>
  <arg>0x7f7b8fd40f4f</arg>
  <arg>no</arg>
  <severity>INFO</severity>
  <timestamp>Fri Mar  6 15:04:34 2026</timestamp>
</msg>
<msg id="13" tool="trc">
  <type>UNLOAD_MODULE</type>
  <arg>/VM/stud/S5845105/Telegram Desktop/Base/Base/base_code</arg>
  <severity>INFO</severity>
  <timestamp>Fri Mar  6 15:26:24 2026</timestamp>
</msg>
<msg id="14" tool="trc">
  <type>UNLOAD_MODULE</type>
  <arg>/lib64/ld-linux-x86-64.so.2</arg>
  <severity>INFO</severity>
  <timestamp>Fri Mar  6 15:26:24 2026</timestamp>
</msg>
<msg id="15" tool="trc">
  <type>UNLOAD_MODULE</type>
  <arg>[vdso]</arg>
  <severity>INFO</severity>
  <timestamp>Fri Mar  6 15:26:24 2026</timestamp>
</msg>
<msg id="16" tool="trc">
  <type>UNLOAD_MODULE</type>
  <arg>/lib/x86_64-linux-gnu/libm.so.6</arg>
  <severity>INFO</severity>
  <timestamp>Fri Mar  6 15:26:24 2026</timestamp>
</msg>
<msg id="17" tool="trc">
  <type>UNLOAD_MODULE</type>
  <arg>/lib/x86_64-linux-gnu/libc.so.6</arg>
  <severity>INFO</severity>
  <timestamp>Fri Mar  6 15:26:24 2026</timestamp>
</msg>
<msg id="18" tool="trc">
  <type>PROCESS_FINISH</type>
  <arg>/VM/stud/S5845105/Telegram Desktop/Base/Base/base_code</arg>
  <arg>76431</arg>
  <arg>0x0</arg>
  <severity>INFO</severity>
  <timestamp>Fri Mar  6 15:26:24 2026</timestamp>
</msg>
<msg id="19" tool="runtool">
  <type>app-exit-code</type>
  <arg>0</arg>
</msg>
<msg id="20" tool="runtool">
  <type>marker-file</type>
  <arg>/VM/stud/S5845105/Telegram Desktop/Base/Base/adv_roof/O2/baseICX12288/e000/trc000/trc000.advixe</arg>
</msg>
<msg id="21" tool="runtool">
  <type>collector-done</type>
</msg>
<msg id="22" tool="runtool">
  <type>log-end</type>
  <arg>2026/03/06 15:26:28</arg>
</msg>

</log>

